<?xml version="1.0" encoding="UTF-8"?>
<!-- Generated by org.testng.reporters.JUnitReportReporter -->
<testsuite hostname="HF1B042" failures="0" tests="7" name="tests.Test_1" time="29.357" errors="0" timestamp="2021-07-07T16:25:46 IST" skipped="0">
  <testcase classname="tests.Test_1" name="ClosePopup" time="0.339"/>
  <system-out/>
  <testcase classname="tests.Test_1" name="SearchProduct" time="6.315"/>
  <system-out/>
  <testcase classname="tests.Test_1" name="getPrices" time="0.982"/>
  <system-out/>
  <testcase classname="tests.Test_1" name="lowestPrice" time="0.002"/>
  <system-out/>
  <testcase classname="tests.Test_1" name="changeLanguage" time="9.018"/>
  <system-out/>
  <testcase classname="tests.Test_1" name="setDefaultLanguage" time="7.657"/>
  <system-out/>
  <testcase classname="tests.Test_1" name="signup" time="5.044"/>
  <system-out/>
</testsuite> <!-- tests.Test_1 -->
