<?xml version="1.0" encoding="UTF-8"?>
<!-- Generated by org.testng.reporters.JUnitReportReporter -->
<testsuite hostname="HF1B042" failures="0" tests="3" name="testNG_Practice.one" time="17.077" errors="0" timestamp="2021-07-05T12:56:33 IST" skipped="0">
  <testcase classname="testNG_Practice.one" name="fill_details" time="16.947"/>
  <system-out/>
  <testcase classname="testNG_Practice.one" name="estimation" time="0.128"/>
  <system-out/>
  <testcase classname="testNG_Practice.one" name="low_price" time="0.002"/>
  <system-out/>
</testsuite> <!-- testNG_Practice.one -->
