<?xml version="1.0" encoding="UTF-8"?>
<!-- Generated by org.testng.reporters.JUnitReportReporter -->
<testsuite hostname="HF1B042" failures="0" tests="3" name="testNG_Practice.Make_My_Trip" time="17.386" errors="0" timestamp="2021-07-07T17:56:06 IST" skipped="0">
  <testcase classname="testNG_Practice.Make_My_Trip" name="fill_details" time="17.135"/>
  <system-out/>
  <testcase classname="testNG_Practice.Make_My_Trip" name="estimation" time="0.249"/>
  <system-out/>
  <testcase classname="testNG_Practice.Make_My_Trip" name="low_price" time="0.002"/>
  <system-out/>
</testsuite> <!-- testNG_Practice.Make_My_Trip -->
