<?xml version="1.0" encoding="UTF-8"?>
<!-- Generated by org.testng.reporters.JUnitReportReporter -->
<testsuite hostname="HF1B042" failures="0" tests="1" name="AamazonMaven.Amazon_Maven.LanguageTest" time="3.570" errors="0" timestamp="2021-08-05T12:26:56 IST" skipped="0">
  <testcase classname="AamazonMaven.Amazon_Maven.LanguageTest" name="changeLanguage" time="3.570"/>
  <system-out/>
</testsuite> <!-- AamazonMaven.Amazon_Maven.LanguageTest -->
