<?xml version="1.0" encoding="UTF-8"?>
<!-- Generated by org.testng.reporters.JUnitReportReporter -->
<testsuite hostname="HF1B042" failures="0" tests="3" name="AamazonMaven.Amazon_Maven.search_product" time="31.179" errors="0" timestamp="2021-07-28T10:48:09 IST" skipped="0">
  <testcase classname="AamazonMaven.Amazon_Maven.search_product" name="search" time="30.094"/>
  <system-out/>
  <testcase classname="AamazonMaven.Amazon_Maven.search_product" name="getPrice" time="1.083"/>
  <system-out/>
  <testcase classname="AamazonMaven.Amazon_Maven.search_product" name="minPrice" time="0.002"/>
  <system-out/>
</testsuite> <!-- AamazonMaven.Amazon_Maven.search_product -->
