<?xml version="1.0" encoding="UTF-8"?>
<!-- Generated by org.testng.reporters.JUnitReportReporter -->
<testsuite hostname="HF1B042" failures="0" tests="1" name="com.amazon.testcases.HomePage" time="5.379" errors="0" timestamp="2021-08-06T10:40:39 IST" skipped="0">
  <testcase classname="com.amazon.testcases.HomePage" name="signUp" time="5.379"/>
  <system-out/>
</testsuite> <!-- com.amazon.testcases.HomePage -->
