<?xml version="1.0" encoding="UTF-8"?>
<!-- Generated by org.testng.reporters.JUnitReportReporter -->
<testsuite hostname="HF1B042" failures="0" tests="1" name="AamazonMaven.Amazon_Maven.HomePage" time="19.580" errors="0" timestamp="2021-07-30T13:56:33 IST" skipped="0">
  <testcase classname="AamazonMaven.Amazon_Maven.HomePage" name="signUp" time="19.580"/>
  <system-out/>
</testsuite> <!-- AamazonMaven.Amazon_Maven.HomePage -->
