<?xml version="1.0" encoding="UTF-8"?>
<!-- Generated by org.testng.reporters.JUnitReportReporter -->
<testsuite hostname="HF1B042" failures="0" tests="3" name="AamazonMaven.Amazon_Maven.SearchProduct" time="21.734" errors="0" timestamp="2021-07-30T13:56:33 IST" skipped="0">
  <testcase classname="AamazonMaven.Amazon_Maven.SearchProduct" name="searchProduct" time="20.484"/>
  <system-out/>
  <testcase classname="AamazonMaven.Amazon_Maven.SearchProduct" name="getPrice" time="1.248"/>
  <system-out/>
  <testcase classname="AamazonMaven.Amazon_Maven.SearchProduct" name="minPrice" time="0.002"/>
  <system-out/>
</testsuite> <!-- AamazonMaven.Amazon_Maven.SearchProduct -->
