<?xml version="1.0" encoding="UTF-8"?>
<!-- Generated by org.testng.reporters.JUnitReportReporter -->
<testsuite hostname="HF1B042" failures="0" tests="1" name="AamazonMaven.Amazon_Maven.HomePage" time="19.378" errors="0" timestamp="30 Jul 2021 08:28:09 GMT">
  <testcase classname="AamazonMaven.Amazon_Maven.HomePage" name="signUp" time="19.378"/>
</testsuite> <!-- AamazonMaven.Amazon_Maven.HomePage -->
