<?xml version="1.0" encoding="UTF-8"?>
<!-- Generated by org.testng.reporters.JUnitReportReporter -->
<testsuite hostname="HF1B042" failures="0" tests="1" name="AamazonMaven.Amazon_Maven.LanguageTest" time="10.259" errors="0" timestamp="22 Jul 2021 06:18:33 GMT">
  <testcase classname="AamazonMaven.Amazon_Maven.LanguageTest" name="changeLanguage" time="10.259"/>
</testsuite> <!-- AamazonMaven.Amazon_Maven.LanguageTest -->
